{
  "RSpec": {
    "coverage": {
      "/Users/Allison/commute_calculator/spec/services/gtfs_fetcher_spec.rb": [
        1,
        null,
        1,
        null,
        1,
        null,
        1,
        3,
        3,
        3,
        null,
        null,
        null,
        null,
        null,
        null,
        null,
        null,
        null,
        1,
        1,
        2,
        null,
        null,
        null,
        null,
        null,
        null,
        2,
        null,
        null,
        1,
        1,
        null,
        null,
        1,
        1,
        1,
        null,
        null,
        null,
        1,
        1,
        1,
        null,
        null,
        null,
        null,
        null,
        null,
        1,
        null,
        null,
        1,
        1,
        1,
        null,
        null,
        null,
        null,
        null
      ],
      "/Users/Allison/commute_calculator/spec/rails_helper.rb": [
        null,
        1,
        1,
        null,
        1,
        1,
        1,
        null,
        null,
        null,
        null,
        null,
        null,
        null,
        null,
        null,
        null,
        null,
        null,
        null,
        null,
        null,
        null,
        null,
        null,
        null,
        1,
        null,
        1,
        1,
        10,
        null,
        null,
        1,
        1,
        null,
        1,
        null,
        3,
        3,
        null,
        null,
        1,
        3,
        null,
        null,
        1,
        null,
        null,
        null,
        null,
        1,
        null,
        null,
        null,
        null,
        null,
        null,
        null,
        null,
        null,
        null,
        null,
        null,
        null,
        null,
        1,
        null,
        null,
        1,
        null,
        null,
        null
      ],
      "/Users/Allison/commute_calculator/config/environment.rb": [
        null,
        1,
        null,
        null,
        1,
        null,
        null,
        1,
        1,
        1,
        1
      ],
      "/Users/Allison/commute_calculator/config/application.rb": [
        1,
        null,
        1,
        null,
        null,
        1,
        1,
        1,
        1,
        1,
        1,
        1,
        1,
        null,
        null,
        null,
        1,
        null,
        1,
        1,
        null,
        1,
        null,
        null,
        1,
        null,
        null,
        2,
        1,
        null,
        null
      ],
      "/Users/Allison/commute_calculator/config/boot.rb": [
        1,
        null,
        1,
        null,
        1,
        null,
        1,
        1,
        0,
        null,
        null,
        null,
        1
      ],
      "/Users/Allison/commute_calculator/config/environments/test.rb": [
        1,
        null,
        null,
        null,
        null,
        null,
        null,
        1,
        null,
        null,
        null,
        null,
        1,
        null,
        null,
        1,
        1,
        null,
        null,
        null,
        null,
        1,
        1,
        null,
        null,
        1,
        null,
        null,
        1,
        1,
        null,
        null,
        null,
        null,
        1,
        null,
        null,
        1,
        null,
        null,
        null,
        null
      ],
      "/Users/Allison/commute_calculator/config/initializers/application_controller_renderer.rb": [
        null,
        null,
        null,
        null,
        null,
        null
      ],
      "/Users/Allison/commute_calculator/config/initializers/backtrace_silencers.rb": [
        null,
        null,
        null,
        null,
        null,
        null,
        null
      ],
      "/Users/Allison/commute_calculator/config/initializers/cors.rb": [
        null,
        null,
        null,
        null,
        null,
        null,
        null,
        null,
        null,
        null,
        null,
        null,
        null,
        null,
        null,
        null
      ],
      "/Users/Allison/commute_calculator/config/initializers/filter_parameter_logging.rb": [
        null,
        null,
        null,
        1
      ],
      "/Users/Allison/commute_calculator/config/initializers/inflections.rb": [
        null,
        null,
        null,
        null,
        null,
        null,
        null,
        null,
        null,
        null,
        null,
        null,
        null,
        null,
        null,
        null
      ],
      "/Users/Allison/commute_calculator/config/initializers/mime_types.rb": [
        null,
        null,
        null,
        null
      ],
      "/Users/Allison/commute_calculator/config/initializers/new_framework_defaults.rb": [
        null,
        null,
        null,
        null,
        null,
        null,
        null,
        null,
        1,
        null,
        null,
        1,
        null,
        null,
        1,
        null,
        null,
        1
      ],
      "/Users/Allison/commute_calculator/config/initializers/wrap_parameters.rb": [
        null,
        null,
        null,
        null,
        null,
        null,
        1,
        1,
        null,
        null,
        null,
        null,
        null,
        null
      ],
      "/Users/Allison/commute_calculator/config/routes.rb": [
        1,
        null,
        1,
        1,
        null
      ],
      "/Users/Allison/commute_calculator/app/models/application_record.rb": [
        1,
        1,
        null
      ],
      "/Users/Allison/commute_calculator/app/models/item.rb": [
        1,
        null
      ],
      "/Users/Allison/commute_calculator/app/models/nodes/agency.rb": [
        1,
        1,
        1,
        null,
        1,
        1,
        1,
        1,
        1,
        1,
        null,
        1,
        1,
        null,
        1,
        1,
        1,
        null,
        null
      ],
      "/Users/Allison/commute_calculator/app/models/nodes/calendar.rb": [
        1,
        1,
        1,
        null,
        1,
        1,
        1,
        1,
        1,
        1,
        1,
        1,
        1,
        1,
        null,
        1,
        1,
        null,
        1,
        1,
        1,
        1,
        1,
        1,
        1,
        1,
        1,
        1,
        null,
        null
      ],
      "/Users/Allison/commute_calculator/app/models/nodes/stop.rb": [
        1,
        1,
        1,
        null,
        1,
        1,
        1,
        1,
        1,
        1,
        1,
        1,
        1,
        1,
        1,
        1,
        null,
        1,
        1,
        null,
        1,
        1,
        1,
        1,
        1,
        1,
        null,
        null
      ],
      "/Users/Allison/commute_calculator/app/models/services/authenticator.rb": [
        1,
        1,
        null,
        1,
        null,
        1,
        0,
        0,
        0,
        null,
        null,
        1,
        0,
        null,
        null,
        1,
        null,
        1,
        null,
        1,
        0,
        0,
        null,
        0,
        null,
        null,
        null,
        null
      ],
      "/Users/Allison/commute_calculator/app/models/services/gtfs_fetch_runner.rb": [
        1,
        1,
        null,
        null,
        null,
        1,
        null,
        null,
        null,
        null,
        null,
        null,
        null,
        null,
        null,
        null,
        null,
        null,
        null,
        1,
        0,
        0,
        0,
        0,
        null,
        0,
        null,
        null,
        null,
        null
      ],
      "/Users/Allison/commute_calculator/app/models/services/gtfs_fetcher.rb": [
        1,
        1,
        null,
        1,
        null,
        1,
        null,
        1,
        3,
        3,
        3,
        null,
        null,
        1,
        3,
        3,
        3,
        2,
        2,
        2,
        null,
        3,
        null,
        null,
        1,
        null,
        1,
        2,
        2,
        null,
        null,
        1,
        3,
        null,
        null,
        1,
        3,
        null,
        null,
        1,
        3,
        3,
        null,
        null,
        1,
        6,
        null,
        null,
        1,
        2,
        2,
        null,
        null,
        1,
        5,
        5,
        null,
        null,
        1,
        5,
        null,
        null,
        1,
        12,
        null,
        null,
        1,
        2,
        null,
        null,
        1,
        5,
        null,
        null,
        1,
        24,
        null,
        null,
        null
      ],
      "/Users/Allison/commute_calculator/lib/zip_utils.rb": [
        1,
        1,
        1,
        null,
        null,
        null,
        1,
        2,
        0,
        null,
        null,
        2,
        2,
        22,
        22,
        22,
        null,
        null,
        null,
        null
      ],
      "/Users/Allison/commute_calculator/app/models/services/request_authorizor.rb": [
        1,
        1,
        null,
        1,
        0,
        0,
        null,
        null,
        1,
        0,
        null,
        null,
        1,
        null,
        1,
        null,
        1,
        0,
        0,
        null,
        null,
        1,
        0,
        null,
        null,
        1,
        0,
        0,
        null,
        0,
        null,
        null,
        null,
        null,
        null
      ],
      "/Users/Allison/commute_calculator/app/models/user.rb": [
        1,
        1,
        null
      ]
    },
    "timestamp": 1484797842
  }
}
